#
# A fatal error has been detected by the Java Runtime Environment:
#
#  SIGSEGV (0xb) at pc=0x000000010fd379f8, pid=27309, tid=18691
#
# JRE version: Java(TM) SE Runtime Environment (7.0_60-b19) (build 1.7.0_60-b19)
# Java VM: Java HotSpot(TM) 64-Bit Server VM (24.60-b09 mixed mode bsd-amd64 compressed oops)
# Problematic frame:
# V  [libjvm.dylib+0x3379f8]
#
# Failed to write core dump. Core dumps have been disabled. To enable core dumping, try "ulimit -c unlimited" before starting Java again
#
# If you would like to submit a bug report, please visit:
#   http://bugreport.sun.com/bugreport/crash.jsp
#

---------------  T H R E A D  ---------------

Current thread (0x00007f92fc004000):  JavaThread "JDWP Transport Listener: dt_socket" daemon [_thread_in_vm, id=18691, stack(0x0000700000ec4000,0x0000700000fc4000)]

siginfo:si_signo=SIGSEGV: si_errno=0, si_code=0 (SEGV0), si_addr=0x0000000000000000

Registers:
RAX=0x0000000000000001, RBX=0x0000700000fc3a8b, RCX=0x00000000000fc080, RDX=0x0000700000fc3a8b
RSP=0x0000700000fc39f0, RBP=0x0000700000fc3a40, RSI=0x00007f92fc004000, RDI=0x00007f92fc900370
R8 =0x0000000000000000, R9 =0x00007f92fc927540, R10=0x00000000428d11fe, R11=0x00007f92fc900000
R12=0x00007f92fc004000, R13=0x2a3c003b72656461, R14=0x2a3c003b72656461, R15=0x00007f92fc900370
RIP=0x000000010fd379f8, EFLAGS=0x0000000000010202, ERR=0x0000000000000000
  TRAPNO=0x000000000000000d

Top of Stack: (sp=0x0000700000fc39f0)
0x0000700000fc39f0:   00007f92fc004000 0000000000000000
0x0000700000fc3a00:   0000000000000000 0000000000000000
0x0000700000fc3a10:   00007f92fc004000 00007f92fc004000
0x0000700000fc3a20:   0000700000fc3a8b 0000700000fc3a90
0x0000700000fc3a30:   2a3c003b72656461 000000000000000a
0x0000700000fc3a40:   0000700000fc3a60 000000010e90b1a8
0x0000700000fc3a50:   0000000000000001 0000700000fc3b08
0x0000700000fc3a60:   0000700000fc3ad0 000000010e8effbb
0x0000700000fc3a70:   0000700000fc3aa0 00007f92fc927850
0x0000700000fc3a80:   0000000b00000032 0000000800fc3b08
0x0000700000fc3a90:   0000000000000000 0000000000000000
0x0000700000fc3aa0:   0000000000000000 0000700000fc3c90
0x0000700000fc3ab0:   000000010e912dc2 00007f92f9d4fae0
0x0000700000fc3ac0:   0000700000fc3b08 000000010e91e588
0x0000700000fc3ad0:   0000700000fc3ae0 000000010e8f00b4
0x0000700000fc3ae0:   0000700000fc3d00 000000010e8f9642
0x0000700000fc3af0:   000a8c2500000013 00000000000f0200
0x0000700000fc3b00:   00007f92f9d4fb40 00007f92fd86610a
0x0000700000fc3b10:   00007f92000001a6 00007f92fc927c90
0x0000700000fc3b20:   000000000000012c 0000700000fc3b58
0x0000700000fc3b30:   00007f92fc920350 0000000000000000
0x0000700000fc3b40:   000a8c2500000030 00007fff00003c80
0x0000700000fc3b50:   0000700000fc3b58 927f00000b000000
0x0000700000fc3b60:   060000007811d2f9 00003e74696e693c
0x0000700000fc3b70:   0000005629280300 7f00000200000000
0x0000700000fc3b80:   000000806c92fc92 576574616572630c
0x0000700000fc3b90:   0000007265746972 2f6176616a4c283f
0x0000700000fc3ba0:   6e697274532f6f69 3b72657469725767
0x0000700000fc3bb0:   776f2f6d6f634c29 6e65672f656b696c
0x0000700000fc3bc0:   657274732f6e6f73 63656a624f2f6d61
0x0000700000fc3bd0:   3b72657469725774 0a00000000000000
0x0000700000fc3be0:   a811d2f9927f0000 6d6f726604000000 

Instructions: (pc=0x000000010fd379f8)
0x000000010fd379d8:   00 00 00 41 f6 87 68 01 00 00 10 75 07 b8 63 00
0x000000010fd379e8:   00 00 eb 7a 4d 85 f6 75 07 b8 17 00 00 00 eb 6e
0x000000010fd379f8:   4d 8b 36 48 b8 fe fe fe fe fe fe fe fe 49 39 c6
0x000000010fd37a08:   74 e7 4d 85 f6 74 e2 48 8d 05 0a 48 4d 00 80 38 

Register to memory mapping:

RAX=0x0000000000000001 is an unknown value
RBX=0x0000700000fc3a8b is pointing into the stack for thread: 0x00007f92fc004000
RCX=0x00000000000fc080 is an unknown value
RDX=0x0000700000fc3a8b is pointing into the stack for thread: 0x00007f92fc004000
RSP=0x0000700000fc39f0 is pointing into the stack for thread: 0x00007f92fc004000
RBP=0x0000700000fc3a40 is pointing into the stack for thread: 0x00007f92fc004000
RSI=0x00007f92fc004000 is a thread
RDI=0x00007f92fc900370 is an unknown value
R8 =0x0000000000000000 is an unknown value
R9 =0x00007f92fc927540 is an unknown value
R10=0x00000000428d11fe is an unknown value
R11=0x00007f92fc900000 is an unknown value
R12=0x00007f92fc004000 is a thread
R13=0x2a3c003b72656461 is an unknown value
R14=0x2a3c003b72656461 is an unknown value
R15=0x00007f92fc900370 is an unknown value


Stack: [0x0000700000ec4000,0x0000700000fc4000],  sp=0x0000700000fc39f0,  free space=1022k
Native frames: (J=compiled Java code, j=interpreted, Vv=VM code, C=native code)
V  [libjvm.dylib+0x3379f8]
C  [libjdwp.dylib+0x201a8]  isMethodSynthetic+0x63
C  [libjdwp.dylib+0x4fbb]  methods1+0x10b
C  [libjdwp.dylib+0x50b4]  methodsWithGeneric+0xe
C  [libjdwp.dylib+0xe642]  debugLoop_run+0x1ce
C  [libjdwp.dylib+0x1f0e2]  attachThread+0x4d
V  [libjvm.dylib+0x37861a]
V  [libjvm.dylib+0x4f5c11]
V  [libjvm.dylib+0x4f7319]
V  [libjvm.dylib+0x420b4e]
C  [libsystem_pthread.dylib+0x399d]  _pthread_body+0x83
C  [libsystem_pthread.dylib+0x391a]  _pthread_body+0x0
C  [libsystem_pthread.dylib+0x1351]  thread_start+0xd


---------------  P R O C E S S  ---------------

Java Threads: ( => current thread )
  0x00007f92fa022800 JavaThread "Service Thread" daemon [_thread_blocked, id=21251, stack(0x00007000013d3000,0x00007000014d3000)]
  0x00007f92fd073800 JavaThread "C2 CompilerThread1" daemon [_thread_blocked, id=20739, stack(0x00007000012d0000,0x00007000013d0000)]
  0x00007f92fd06c000 JavaThread "C2 CompilerThread0" daemon [_thread_blocked, id=20227, stack(0x00007000011cd000,0x00007000012cd000)]
  0x00007f92fa82b000 JavaThread "JDWP Command Reader" daemon [_thread_in_native, id=19715, stack(0x00007000010ca000,0x00007000011ca000)]
  0x00007f92fd06b000 JavaThread "JDWP Event Helper Thread" daemon [_thread_blocked, id=19203, stack(0x0000700000fc7000,0x00007000010c7000)]
=>0x00007f92fc004000 JavaThread "JDWP Transport Listener: dt_socket" daemon [_thread_in_vm, id=18691, stack(0x0000700000ec4000,0x0000700000fc4000)]
  0x00007f92fd800800 JavaThread "Signal Dispatcher" daemon [_thread_blocked, id=16399, stack(0x0000700000dc1000,0x0000700000ec1000)]
  0x00007f92fd051800 JavaThread "Finalizer" daemon [_thread_blocked, id=14339, stack(0x0000700000c3b000,0x0000700000d3b000)]
  0x00007f92fd050800 JavaThread "Reference Handler" daemon [_thread_blocked, id=13827, stack(0x0000700000b38000,0x0000700000c38000)]
  0x00007f92fd004000 JavaThread "main" [_thread_blocked, id=5891, stack(0x000070000011a000,0x000070000021a000)]

Other Threads:
  0x00007f92fa009800 VMThread [stack: 0x0000700000a35000,0x0000700000b35000] [id=13315]
  0x00007f92fd060800 WatcherThread [stack: 0x00007000014d6000,0x00007000015d6000] [id=21763]

VM state:not at safepoint (normal execution)

VM Mutex/Monitor currently owned by a thread: None

Heap
 PSYoungGen      total 76800K, used 46342K [0x00000007aaa80000, 0x00000007b0000000, 0x0000000800000000)
  eden space 66048K, 70% used [0x00000007aaa80000,0x00000007ad7c19f8,0x00000007aeb00000)
  from space 10752K, 0% used [0x00000007af580000,0x00000007af580000,0x00000007b0000000)
  to   space 10752K, 0% used [0x00000007aeb00000,0x00000007aeb00000,0x00000007af580000)
 ParOldGen       total 174592K, used 0K [0x0000000700000000, 0x000000070aa80000, 0x00000007aaa80000)
  object space 174592K, 0% used [0x0000000700000000,0x0000000700000000,0x000000070aa80000)
 PSPermGen       total 21504K, used 8892K [0x00000006fae00000, 0x00000006fc300000, 0x0000000700000000)
  object space 21504K, 41% used [0x00000006fae00000,0x00000006fb6af0d0,0x00000006fc300000)

Card table byte_map: [0x000000011345f000,0x0000000113c89000] byte_map_base: 0x000000010fc88000

Polling page: 0x000000010e8ea000

Code Cache  [0x000000011045f000, 0x00000001106cf000, 0x000000011345f000)
 total_blobs=358 nmethods=116 adapters=204 free_code_cache=48381Kb largest_free_block=49510208

Compilation events (10 events):
Event: 0.983 Thread 0x00007f92fd073800 nmethod 107 0x0000000110521890 code [0x0000000110521c40, 0x0000000110523d98]
Event: 0.995 Thread 0x00007f92fd06c000 nmethod 111 0x000000011051eb50 code [0x000000011051ef20, 0x0000000110520170]
Event: 14.960 Thread 0x00007f92fd073800  112             java.util.HashMap::transfer (115 bytes)
Event: 14.963 Thread 0x00007f92fd073800 nmethod 112 0x000000011051e190 code [0x000000011051e300, 0x000000011051e688]
Event: 14.965 Thread 0x00007f92fd06c000  114             java.lang.StringBuilder::toString (17 bytes)
Event: 14.967 Thread 0x00007f92fd073800  115             java.lang.ref.Reference::get (5 bytes)
Event: 14.967 Thread 0x00007f92fd073800 nmethod 115 0x00000001104ffb90 code [0x00000001104ffcc0, 0x00000001104ffd38]
Event: 14.967 Thread 0x00007f92fd06c000 nmethod 114 0x0000000110513a90 code [0x0000000110513c00, 0x0000000110513f78]
Event: 14.968 Thread 0x00007f92fd06c000  116             java.util.ArrayList$Itr::hasNext (20 bytes)
Event: 14.968 Thread 0x00007f92fd06c000 nmethod 116 0x00000001105137d0 code [0x0000000110513920, 0x00000001105139d8]

GC Heap History (0 events):
No events

Deoptimization events (10 events):
Event: 0.822 Thread 0x00007f92fd004000 Uncommon trap: reason=class_check action=maybe_recompile pc=0x00000001104dbbbc method=java.util.regex.Pattern$Start.match(Ljava/util/regex/Matcher;ILjava/lang/CharSequence;)Z @ 44
Event: 0.822 Thread 0x00007f92fd004000 Uncommon trap: reason=class_check action=maybe_recompile pc=0x00000001104f7578 method=java.util.regex.Pattern$CharProperty.match(Ljava/util/regex/Matcher;ILjava/lang/CharSequence;)Z @ 18
Event: 0.823 Thread 0x00007f92fd004000 Uncommon trap: reason=class_check action=maybe_recompile pc=0x00000001104dbbbc method=java.util.regex.Pattern$Start.match(Ljava/util/regex/Matcher;ILjava/lang/CharSequence;)Z @ 44
Event: 0.823 Thread 0x00007f92fd004000 Uncommon trap: reason=class_check action=maybe_recompile pc=0x00000001104dbbbc method=java.util.regex.Pattern$Start.match(Ljava/util/regex/Matcher;ILjava/lang/CharSequence;)Z @ 44
Event: 0.867 Thread 0x00007f92fd004000 Uncommon trap: reason=unreached action=reinterpret pc=0x00000001104e636c method=sun.misc.URLClassPath$JarLoader.ensureOpen()V @ 4
Event: 0.868 Thread 0x00007f92fd004000 Uncommon trap: reason=unreached action=reinterpret pc=0x00000001104d25c8 method=sun.misc.URLClassPath$JarLoader.ensureOpen()V @ 4
Event: 0.869 Thread 0x00007f92fd004000 Uncommon trap: reason=class_check action=maybe_recompile pc=0x00000001104fa748 method=java.util.regex.Pattern$Curly.match0(Ljava/util/regex/Matcher;IILjava/lang/CharSequence;)Z @ 31
Event: 0.869 Thread 0x00007f92fd004000 Uncommon trap: reason=class_check action=maybe_recompile pc=0x00000001104fa748 method=java.util.regex.Pattern$Curly.match0(Ljava/util/regex/Matcher;IILjava/lang/CharSequence;)Z @ 31
Event: 0.869 Thread 0x00007f92fd004000 Uncommon trap: reason=class_check action=maybe_recompile pc=0x00000001104fa748 method=java.util.regex.Pattern$Curly.match0(Ljava/util/regex/Matcher;IILjava/lang/CharSequence;)Z @ 31
Event: 0.869 Thread 0x00007f92fd004000 Uncommon trap: reason=class_check action=maybe_recompile pc=0x00000001104fa748 method=java.util.regex.Pattern$Curly.match0(Ljava/util/regex/Matcher;IILjava/lang/CharSequence;)Z @ 31

Internal exceptions (10 events):
Event: 14.972 Thread 0x00007f92fd004000 Threw 0x00000007ad71b378 at /HUDSON/workspace/7u-2-build-macosx-x86_64/jdk7u60/1081/hotspot/src/share/vm/prims/jvm.cpp:1244
Event: 14.976 Thread 0x00007f92fd004000 Threw 0x00000007ad72f340 at /HUDSON/workspace/7u-2-build-macosx-x86_64/jdk7u60/1081/hotspot/src/share/vm/prims/jvm.cpp:1244
Event: 14.977 Thread 0x00007f92fd004000 Threw 0x00000007ad73b888 at /HUDSON/workspace/7u-2-build-macosx-x86_64/jdk7u60/1081/hotspot/src/share/vm/prims/jvm.cpp:1244
Event: 14.978 Thread 0x00007f92fd004000 Threw 0x00000007ad744b90 at /HUDSON/workspace/7u-2-build-macosx-x86_64/jdk7u60/1081/hotspot/src/share/vm/prims/jvm.cpp:1244
Event: 14.979 Thread 0x00007f92fd004000 Threw 0x00000007ad755648 at /HUDSON/workspace/7u-2-build-macosx-x86_64/jdk7u60/1081/hotspot/src/share/vm/prims/jvm.cpp:1244
Event: 14.981 Thread 0x00007f92fd004000 Threw 0x00000007ad75ebd0 at /HUDSON/workspace/7u-2-build-macosx-x86_64/jdk7u60/1081/hotspot/src/share/vm/prims/jvm.cpp:1244
Event: 14.982 Thread 0x00007f92fd004000 Threw 0x00000007ad762a00 at /HUDSON/workspace/7u-2-build-macosx-x86_64/jdk7u60/1081/hotspot/src/share/vm/prims/jvm.cpp:1244
Event: 14.986 Thread 0x00007f92fd004000 Threw 0x00000007ad77b1e0 at /HUDSON/workspace/7u-2-build-macosx-x86_64/jdk7u60/1081/hotspot/src/share/vm/prims/jvm.cpp:1244
Event: 14.986 Thread 0x00007f92fd004000 Threw 0x00000007ad780788 at /HUDSON/workspace/7u-2-build-macosx-x86_64/jdk7u60/1081/hotspot/src/share/vm/prims/jvm.cpp:1244
Event: 14.988 Thread 0x00007f92fd004000 Threw 0x00000007ad787fe0 at /HUDSON/workspace/7u-2-build-macosx-x86_64/jdk7u60/1081/hotspot/src/share/vm/prims/jvm.cpp:1244

Events (10 events):
Event: 10286.934 Executing VM operation: GetOrSetLocal
Event: 10286.934 Executing VM operation: GetOrSetLocal done
Event: 10286.935 Executing VM operation: GetOrSetLocal
Event: 10286.935 Executing VM operation: GetOrSetLocal done
Event: 10286.935 Executing VM operation: GetOrSetLocal
Event: 10286.935 Executing VM operation: GetOrSetLocal done
Event: 10286.936 Executing VM operation: GetOrSetLocal
Event: 10286.936 Executing VM operation: GetOrSetLocal done
Event: 10286.937 Executing VM operation: GetOrSetLocal
Event: 10286.937 Executing VM operation: GetOrSetLocal done


Dynamic libraries:
0x0000000006bfd000 	/System/Library/Frameworks/Cocoa.framework/Versions/A/Cocoa
0x0000000006bfd000 	/System/Library/Frameworks/Security.framework/Versions/A/Security
0x0000000006bfd000 	/System/Library/Frameworks/ApplicationServices.framework/Versions/A/ApplicationServices
0x0000000006bfd000 	/usr/lib/libz.1.dylib
0x0000000006bfd000 	/usr/lib/libSystem.B.dylib
0x0000000006bfd000 	/usr/lib/libobjc.A.dylib
0x0000000006bfd000 	/System/Library/Frameworks/CoreFoundation.framework/Versions/A/CoreFoundation
0x0000000006bfd000 	/System/Library/Frameworks/Foundation.framework/Versions/C/Foundation
0x0000000006bfd000 	/System/Library/Frameworks/AppKit.framework/Versions/C/AppKit
0x0000000006bfd000 	/System/Library/Frameworks/CoreData.framework/Versions/A/CoreData
0x0000000006bfd000 	/System/Library/PrivateFrameworks/RemoteViewServices.framework/Versions/A/RemoteViewServices
0x0000000006bfd000 	/System/Library/PrivateFrameworks/UIFoundation.framework/Versions/A/UIFoundation
0x0000000006bfd000 	/usr/lib/libScreenReader.dylib
0x0000000006bfd000 	/System/Library/Frameworks/Accelerate.framework/Versions/A/Accelerate
0x0000000006bfd000 	/System/Library/Frameworks/IOSurface.framework/Versions/A/IOSurface
0x0000000006bfd000 	/System/Library/Frameworks/AudioToolbox.framework/Versions/A/AudioToolbox
0x0000000006bfd000 	/System/Library/Frameworks/AudioUnit.framework/Versions/A/AudioUnit
0x0000000006bfd000 	/System/Library/PrivateFrameworks/DataDetectorsCore.framework/Versions/A/DataDetectorsCore
0x0000000006bfd000 	/System/Library/PrivateFrameworks/DesktopServicesPriv.framework/Versions/A/DesktopServicesPriv
0x0000000006bfd000 	/System/Library/Frameworks/Carbon.framework/Versions/A/Frameworks/HIToolbox.framework/Versions/A/HIToolbox
0x0000000006bfd000 	/System/Library/Frameworks/QuartzCore.framework/Versions/A/QuartzCore
0x0000000006bfd000 	/System/Library/Frameworks/Carbon.framework/Versions/A/Frameworks/SpeechRecognition.framework/Versions/A/SpeechRecognition
0x0000000006bfd000 	/usr/lib/libauto.dylib
0x0000000006bfd000 	/usr/lib/libicucore.A.dylib
0x0000000006bfd000 	/usr/lib/libxml2.2.dylib
0x0000000006bfd000 	/System/Library/PrivateFrameworks/CoreUI.framework/Versions/A/CoreUI
0x0000000006bfd000 	/System/Library/Frameworks/CoreAudio.framework/Versions/A/CoreAudio
0x0000000006bfd000 	/System/Library/Frameworks/DiskArbitration.framework/Versions/A/DiskArbitration
0x0000000006bfd000 	/usr/lib/liblangid.dylib
0x0000000006bfd000 	/System/Library/PrivateFrameworks/MultitouchSupport.framework/Versions/A/MultitouchSupport
0x0000000006bfd000 	/System/Library/Frameworks/IOKit.framework/Versions/A/IOKit
0x0000000006bfd000 	/usr/lib/libDiagnosticMessagesClient.dylib
0x0000000006bfd000 	/System/Library/Frameworks/CoreServices.framework/Versions/A/CoreServices
0x0000000006bfd000 	/System/Library/PrivateFrameworks/PerformanceAnalysis.framework/Versions/A/PerformanceAnalysis
0x0000000006bfd000 	/System/Library/PrivateFrameworks/GenerationalStorage.framework/Versions/A/GenerationalStorage
0x0000000006bfd000 	/System/Library/Frameworks/OpenGL.framework/Versions/A/OpenGL
0x0000000006bfd000 	/System/Library/PrivateFrameworks/Sharing.framework/Versions/A/Sharing
0x0000000006bfd000 	/System/Library/Frameworks/CoreGraphics.framework/Versions/A/CoreGraphics
0x0000000006bfd000 	/System/Library/Frameworks/CoreImage.framework/Versions/A/CoreImage
0x0000000006bfd000 	/System/Library/Frameworks/CoreText.framework/Versions/A/CoreText
0x0000000006bfd000 	/System/Library/Frameworks/ImageIO.framework/Versions/A/ImageIO
0x0000000006bfd000 	/System/Library/PrivateFrameworks/Backup.framework/Versions/A/Backup
0x0000000006bfd000 	/usr/lib/libextension.dylib
0x0000000006bfd000 	/usr/lib/libarchive.2.dylib
0x0000000006bfd000 	/System/Library/Frameworks/CFNetwork.framework/Versions/A/CFNetwork
0x0000000006bfd000 	/System/Library/Frameworks/SystemConfiguration.framework/Versions/A/SystemConfiguration
0x0000000006bfd000 	/usr/lib/libCRFSuite.dylib
0x0000000006bfd000 	/usr/lib/libc++.1.dylib
0x0000000006bfd000 	/usr/lib/libc++abi.dylib
0x0000000006bfd000 	/usr/lib/system/libcache.dylib
0x0000000006bfd000 	/usr/lib/system/libcommonCrypto.dylib
0x0000000006bfd000 	/usr/lib/system/libcompiler_rt.dylib
0x0000000006bfd000 	/usr/lib/system/libcopyfile.dylib
0x0000000006bfd000 	/usr/lib/system/libcorecrypto.dylib
0x0000000006bfd000 	/usr/lib/system/libdispatch.dylib
0x0000000006bfd000 	/usr/lib/system/libdyld.dylib
0x0000000006bfd000 	/usr/lib/system/libkeymgr.dylib
0x0000000006bfd000 	/usr/lib/system/liblaunch.dylib
0x0000000006bfd000 	/usr/lib/system/libmacho.dylib
0x0000000006bfd000 	/usr/lib/system/libquarantine.dylib
0x0000000006bfd000 	/usr/lib/system/libremovefile.dylib
0x0000000006bfd000 	/usr/lib/system/libsystem_asl.dylib
0x0000000006bfd000 	/usr/lib/system/libsystem_blocks.dylib
0x0000000006bfd000 	/usr/lib/system/libsystem_c.dylib
0x0000000006bfd000 	/usr/lib/system/libsystem_configuration.dylib
0x0000000006bfd000 	/usr/lib/system/libsystem_coreservices.dylib
0x0000000006bfd000 	/usr/lib/system/libsystem_coretls.dylib
0x0000000006bfd000 	/usr/lib/system/libsystem_dnssd.dylib
0x0000000006bfd000 	/usr/lib/system/libsystem_info.dylib
0x0000000006bfd000 	/usr/lib/system/libsystem_kernel.dylib
0x0000000006bfd000 	/usr/lib/system/libsystem_m.dylib
0x0000000006bfd000 	/usr/lib/system/libsystem_malloc.dylib
0x0000000006bfd000 	/usr/lib/system/libsystem_network.dylib
0x0000000006bfd000 	/usr/lib/system/libsystem_networkextension.dylib
0x0000000006bfd000 	/usr/lib/system/libsystem_notify.dylib
0x0000000006bfd000 	/usr/lib/system/libsystem_platform.dylib
0x0000000006bfd000 	/usr/lib/system/libsystem_pthread.dylib
0x0000000006bfd000 	/usr/lib/system/libsystem_sandbox.dylib
0x0000000006bfd000 	/usr/lib/system/libsystem_secinit.dylib
0x0000000006bfd000 	/usr/lib/system/libsystem_trace.dylib
0x0000000006bfd000 	/usr/lib/system/libunc.dylib
0x0000000006bfd000 	/usr/lib/system/libunwind.dylib
0x0000000006bfd000 	/usr/lib/system/libxpc.dylib
0x0000000006bfd000 	/usr/lib/libenergytrace.dylib
0x0000000006bfd000 	/usr/lib/libbsm.0.dylib
0x0000000006bfd000 	/usr/lib/system/libkxld.dylib
0x0000000006bfd000 	/usr/lib/libxar.1.dylib
0x0000000006bfd000 	/usr/lib/libsqlite3.dylib
0x0000000006bfd000 	/usr/lib/libpam.2.dylib
0x0000000006bfd000 	/usr/lib/libOpenScriptingUtil.dylib
0x0000000006bfd000 	/usr/lib/libbz2.1.0.dylib
0x0000000006bfd000 	/usr/lib/liblzma.5.dylib
0x0000000006bfd000 	/System/Library/Frameworks/CoreServices.framework/Versions/A/Frameworks/FSEvents.framework/Versions/A/FSEvents
0x0000000006bfd000 	/System/Library/Frameworks/CoreServices.framework/Versions/A/Frameworks/CarbonCore.framework/Versions/A/CarbonCore
0x0000000006bfd000 	/System/Library/Frameworks/CoreServices.framework/Versions/A/Frameworks/Metadata.framework/Versions/A/Metadata
0x0000000006bfd000 	/System/Library/Frameworks/CoreServices.framework/Versions/A/Frameworks/OSServices.framework/Versions/A/OSServices
0x0000000006bfd000 	/System/Library/Frameworks/CoreServices.framework/Versions/A/Frameworks/SearchKit.framework/Versions/A/SearchKit
0x0000000006bfd000 	/System/Library/Frameworks/CoreServices.framework/Versions/A/Frameworks/AE.framework/Versions/A/AE
0x0000000006bfd000 	/System/Library/Frameworks/CoreServices.framework/Versions/A/Frameworks/LaunchServices.framework/Versions/A/LaunchServices
0x0000000006bfd000 	/System/Library/Frameworks/CoreServices.framework/Versions/A/Frameworks/DictionaryServices.framework/Versions/A/DictionaryServices
0x0000000006bfd000 	/System/Library/Frameworks/CoreServices.framework/Versions/A/Frameworks/SharedFileList.framework/Versions/A/SharedFileList
0x0000000006bfd000 	/System/Library/Frameworks/NetFS.framework/Versions/A/NetFS
0x0000000006bfd000 	/System/Library/PrivateFrameworks/NetAuth.framework/Versions/A/NetAuth
0x0000000006bfd000 	/System/Library/PrivateFrameworks/login.framework/Versions/A/Frameworks/loginsupport.framework/Versions/A/loginsupport
0x0000000006bfd000 	/System/Library/PrivateFrameworks/TCC.framework/Versions/A/TCC
0x0000000006bfd000 	/usr/lib/libmecabra.dylib
0x0000000006bfd000 	/System/Library/Frameworks/ApplicationServices.framework/Versions/A/Frameworks/ATS.framework/Versions/A/ATS
0x0000000006bfd000 	/System/Library/Frameworks/ApplicationServices.framework/Versions/A/Frameworks/ColorSync.framework/Versions/A/ColorSync
0x0000000006bfd000 	/System/Library/Frameworks/ApplicationServices.framework/Versions/A/Frameworks/HIServices.framework/Versions/A/HIServices
0x0000000006bfd000 	/System/Library/Frameworks/ApplicationServices.framework/Versions/A/Frameworks/LangAnalysis.framework/Versions/A/LangAnalysis
0x0000000006bfd000 	/System/Library/Frameworks/ApplicationServices.framework/Versions/A/Frameworks/PrintCore.framework/Versions/A/PrintCore
0x0000000006bfd000 	/System/Library/Frameworks/ApplicationServices.framework/Versions/A/Frameworks/QD.framework/Versions/A/QD
0x0000000006bfd000 	/System/Library/Frameworks/ApplicationServices.framework/Versions/A/Frameworks/SpeechSynthesis.framework/Versions/A/SpeechSynthesis
0x0000000006bfd000 	/System/Library/Frameworks/Metal.framework/Versions/A/Metal
0x0000000006bfd000 	/System/Library/Frameworks/Accelerate.framework/Versions/A/Frameworks/vImage.framework/Versions/A/vImage
0x0000000006bfd000 	/System/Library/Frameworks/Accelerate.framework/Versions/A/Frameworks/vecLib.framework/Versions/A/vecLib
0x0000000006bfd000 	/System/Library/Frameworks/Accelerate.framework/Versions/A/Frameworks/vecLib.framework/Versions/A/libvDSP.dylib
0x0000000006bfd000 	/System/Library/Frameworks/Accelerate.framework/Versions/A/Frameworks/vecLib.framework/Versions/A/libvMisc.dylib
0x0000000006bfd000 	/System/Library/Frameworks/Accelerate.framework/Versions/A/Frameworks/vecLib.framework/Versions/A/libLAPACK.dylib
0x0000000006bfd000 	/System/Library/Frameworks/Accelerate.framework/Versions/A/Frameworks/vecLib.framework/Versions/A/libBLAS.dylib
0x0000000006bfd000 	/System/Library/Frameworks/Accelerate.framework/Versions/A/Frameworks/vecLib.framework/Versions/A/libLinearAlgebra.dylib
0x0000000006bfd000 	/System/Library/Frameworks/Accelerate.framework/Versions/A/Frameworks/vecLib.framework/Versions/A/libSparseBLAS.dylib
0x0000000006bfd000 	/System/Library/PrivateFrameworks/GPUCompiler.framework/libmetal_timestamp.dylib
0x0000000006bfd000 	/System/Library/Frameworks/OpenGL.framework/Versions/A/Libraries/libCoreFSCache.dylib
0x0000000006bfd000 	/System/Library/PrivateFrameworks/IOAccelerator.framework/Versions/A/IOAccelerator
0x0000000006bfd000 	/System/Library/Frameworks/ApplicationServices.framework/Versions/A/Frameworks/ATS.framework/Versions/A/Resources/libFontParser.dylib
0x0000000006bfd000 	/System/Library/Frameworks/ApplicationServices.framework/Versions/A/Frameworks/ATS.framework/Versions/A/Resources/libFontRegistry.dylib
0x0000000006bfd000 	/System/Library/PrivateFrameworks/AppleVPA.framework/Versions/A/AppleVPA
0x0000000006bfd000 	/System/Library/PrivateFrameworks/AppleJPEG.framework/Versions/A/AppleJPEG
0x0000000006bfd000 	/System/Library/Frameworks/ImageIO.framework/Versions/A/Resources/libJPEG.dylib
0x0000000006bfd000 	/System/Library/Frameworks/ImageIO.framework/Versions/A/Resources/libTIFF.dylib
0x0000000006bfd000 	/System/Library/Frameworks/ImageIO.framework/Versions/A/Resources/libPng.dylib
0x0000000006bfd000 	/System/Library/Frameworks/ImageIO.framework/Versions/A/Resources/libGIF.dylib
0x0000000006bfd000 	/System/Library/Frameworks/ImageIO.framework/Versions/A/Resources/libJP2.dylib
0x0000000006bfd000 	/System/Library/Frameworks/ImageIO.framework/Versions/A/Resources/libRadiance.dylib
0x0000000006bfd000 	/System/Library/Frameworks/CoreVideo.framework/Versions/A/CoreVideo
0x0000000006bfd000 	/System/Library/Frameworks/OpenGL.framework/Versions/A/Libraries/libGLU.dylib
0x0000000006bfd000 	/System/Library/Frameworks/OpenGL.framework/Versions/A/Libraries/libGFXShared.dylib
0x0000000006bfd000 	/System/Library/Frameworks/OpenGL.framework/Versions/A/Libraries/libGL.dylib
0x0000000006bfd000 	/System/Library/Frameworks/OpenGL.framework/Versions/A/Libraries/libGLImage.dylib
0x0000000006bfd000 	/System/Library/Frameworks/OpenGL.framework/Versions/A/Libraries/libCVMSPluginSupport.dylib
0x0000000006bfd000 	/System/Library/Frameworks/OpenGL.framework/Versions/A/Libraries/libCoreVMClient.dylib
0x0000000006bfd000 	/usr/lib/libcompression.dylib
0x0000000006bfd000 	/usr/lib/libcups.2.dylib
0x0000000006bfd000 	/System/Library/Frameworks/Kerberos.framework/Versions/A/Kerberos
0x0000000006bfd000 	/System/Library/Frameworks/GSS.framework/Versions/A/GSS
0x0000000006bfd000 	/usr/lib/libresolv.9.dylib
0x0000000006bfd000 	/usr/lib/libiconv.2.dylib
0x0000000006bfd000 	/System/Library/PrivateFrameworks/Heimdal.framework/Versions/A/Heimdal
0x0000000006bfd000 	/usr/lib/libheimdal-asn1.dylib
0x0000000006bfd000 	/System/Library/Frameworks/OpenDirectory.framework/Versions/A/OpenDirectory
0x0000000006bfd000 	/System/Library/PrivateFrameworks/CommonAuth.framework/Versions/A/CommonAuth
0x0000000006bfd000 	/System/Library/Frameworks/OpenDirectory.framework/Versions/A/Frameworks/CFOpenDirectory.framework/Versions/A/CFOpenDirectory
0x0000000006bfd000 	/System/Library/Frameworks/SecurityFoundation.framework/Versions/A/SecurityFoundation
0x0000000006bfd000 	/System/Library/PrivateFrameworks/LanguageModeling.framework/Versions/A/LanguageModeling
0x0000000006bfd000 	/usr/lib/libmarisa.dylib
0x0000000006bfd000 	/usr/lib/libChineseTokenizer.dylib
0x0000000006bfd000 	/usr/lib/libcmph.dylib
0x0000000006bfd000 	/System/Library/Frameworks/ServiceManagement.framework/Versions/A/ServiceManagement
0x0000000006bfd000 	/usr/lib/libxslt.1.dylib
0x0000000006bfd000 	/System/Library/Frameworks/Carbon.framework/Versions/A/Frameworks/Ink.framework/Versions/A/Ink
0x0000000006bfd000 	/usr/lib/libFosl_dynamic.dylib
0x0000000006bfd000 	/System/Library/PrivateFrameworks/FaceCore.framework/Versions/A/FaceCore
0x0000000006bfd000 	/System/Library/Frameworks/OpenCL.framework/Versions/A/OpenCL
0x0000000006bfd000 	/System/Library/PrivateFrameworks/CrashReporterSupport.framework/Versions/A/CrashReporterSupport
0x0000000006bfd000 	/System/Library/PrivateFrameworks/IconServices.framework/Versions/A/IconServices
0x0000000006bfd000 	/System/Library/PrivateFrameworks/Apple80211.framework/Versions/A/Apple80211
0x0000000006bfd000 	/System/Library/Frameworks/CoreWLAN.framework/Versions/A/CoreWLAN
0x0000000006bfd000 	/System/Library/Frameworks/IOBluetooth.framework/Versions/A/IOBluetooth
0x0000000006bfd000 	/System/Library/PrivateFrameworks/CoreWiFi.framework/Versions/A/CoreWiFi
0x0000000006bfd000 	/System/Library/Frameworks/CoreBluetooth.framework/Versions/A/CoreBluetooth
0x0000000006bfd000 	/System/Library/PrivateFrameworks/ChunkingLibrary.framework/Versions/A/ChunkingLibrary
0x0000000006bfd000 	/System/Library/PrivateFrameworks/DebugSymbols.framework/Versions/A/DebugSymbols
0x0000000006bfd000 	/System/Library/PrivateFrameworks/CoreSymbolication.framework/Versions/A/CoreSymbolication
0x0000000006bfd000 	/System/Library/PrivateFrameworks/Symbolication.framework/Versions/A/Symbolication
0x0000000006bfd000 	/System/Library/PrivateFrameworks/SpeechRecognitionCore.framework/Versions/A/SpeechRecognitionCore
0x000000010fa00000 	/Library/Java/JavaVirtualMachines/jdk1.7.0_60.jdk/Contents/Home/jre/lib/server/libjvm.dylib
0x0000000006bfd000 	/usr/lib/libstdc++.6.dylib
0x000000010e8ad000 	/Library/Java/JavaVirtualMachines/jdk1.7.0_60.jdk/Contents/Home/jre/lib/libverify.dylib
0x000000010e8ba000 	/Library/Java/JavaVirtualMachines/jdk1.7.0_60.jdk/Contents/Home/jre/lib/libjava.dylib
0x000000010e8eb000 	/Library/Java/JavaVirtualMachines/jdk1.7.0_60.jdk/Contents/Home/jre/lib/libjdwp.dylib
0x000000010e928000 	/Library/Java/JavaVirtualMachines/jdk1.7.0_60.jdk/Contents/Home/jre/lib/libnpt.dylib
0x000000010e935000 	/Library/Java/JavaVirtualMachines/jdk1.7.0_60.jdk/Contents/Home/jre/lib/libzip.dylib
0x000000011ec4a000 	/System/Library/Frameworks/JavaVM.framework/Frameworks/JavaRuntimeSupport.framework/JavaRuntimeSupport
0x000000011ec65000 	/System/Library/Frameworks/JavaVM.framework/Versions/A/Frameworks/JavaNativeFoundation.framework/Versions/A/JavaNativeFoundation
0x000000011ec7a000 	/System/Library/Frameworks/JavaVM.framework/Versions/A/JavaVM
0x0000000006bfd000 	/System/Library/Frameworks/Carbon.framework/Versions/A/Carbon
0x000000011ec87000 	/System/Library/PrivateFrameworks/JavaLaunching.framework/Versions/A/JavaLaunching
0x0000000006bfd000 	/System/Library/Frameworks/Carbon.framework/Versions/A/Frameworks/CommonPanels.framework/Versions/A/CommonPanels
0x0000000006bfd000 	/System/Library/Frameworks/Carbon.framework/Versions/A/Frameworks/Help.framework/Versions/A/Help
0x0000000006bfd000 	/System/Library/Frameworks/Carbon.framework/Versions/A/Frameworks/ImageCapture.framework/Versions/A/ImageCapture
0x0000000006bfd000 	/System/Library/Frameworks/Carbon.framework/Versions/A/Frameworks/OpenScripting.framework/Versions/A/OpenScripting
0x0000000006bfd000 	/System/Library/Frameworks/Carbon.framework/Versions/A/Frameworks/Print.framework/Versions/A/Print
0x0000000006bfd000 	/System/Library/Frameworks/Carbon.framework/Versions/A/Frameworks/SecurityHI.framework/Versions/A/SecurityHI
0x00000001205aa000 	/Library/Java/JavaVirtualMachines/jdk1.7.0_60.jdk/Contents/Home/jre/lib/libdt_socket.dylib
0x0000000120ad8000 	/Library/Java/JavaVirtualMachines/jdk1.7.0_60.jdk/Contents/Home/jre/lib/libnio.dylib
0x0000000120ae7000 	/Library/Java/JavaVirtualMachines/jdk1.7.0_60.jdk/Contents/Home/jre/lib/./libnet.dylib

VM Arguments:
jvm_args: -agentlib:jdwp=transport=dt_socket,address=127.0.0.1:60220,suspend=y,server=n -Dvisualvm.id=114207234595410 -ea -Didea.junit.sm_runner -Dfile.encoding=UTF-8 
java_command: com.intellij.rt.execution.junit.JUnitStarter -ideVersion5 io.yawp.repository.LazyJsonTest,testLaziness
Launcher Type: SUN_STANDARD

Environment Variables:
JAVA_HOME=/Library/Java/JavaVirtualMachines/jdk1.7.0_60.jdk/Contents/Home
CLASSPATH=:/Users/fernando/opt/plovr/build/plovr.jar
PATH=/Users/fernando/opt/google-cloud-sdk/bin:/Users/fernando/.rvm/gems/ruby-2.2.1/bin:/Users/fernando/.rvm/gems/ruby-2.2.1@global/bin:/Users/fernando/.rvm/rubies/ruby-2.2.1/bin:/Users/fernando/dev/cabelo/crowler/scripts:/Users/fernando/dev/dextra/aasp-gaia/scripts:/Users/fernando/dev/dextra/aasp-gaia/temis/scripts:/Users/fernando/opt/gsutil:/Users/fernando/opt/phantomjs/bin:/Users/fernando/opt/firefox:/Users/fernando/opt/eclipse:/Users/fernando/opt/maven/bin:/Users/fernando/opt/ant/bin:/Users/fernando/opt/ant/bin:/Users/fernando/opt/bin:/Users/fernando/Library/Android/sdk/tools:/usr/local/bin:/usr/bin:/bin:/usr/sbin:/sbin:/opt/X11/bin:/usr/local/MacGPG2/bin:/Users/fernando/dev/churndb/bin:/Users/fernando/Library/Android/sdk/platform-tools:/Users/fernando/Library/Android/sdk/tools:/Users/fernando/.rvm/bin
SHELL=/bin/bash
DISPLAY=/private/tmp/com.apple.launchd.DkcE7EOCuQ/org.macosforge.xquartz:0

Signal Handlers:
SIGSEGV: [libjvm.dylib+0x52b7b1], sa_mask[0]=0xfffefeff, sa_flags=0x00000043
SIGBUS: [libjvm.dylib+0x52b7b1], sa_mask[0]=0xfffefeff, sa_flags=0x00000042
SIGFPE: [libjvm.dylib+0x41e28a], sa_mask[0]=0xfffefeff, sa_flags=0x00000042
SIGPIPE: [libjvm.dylib+0x41e28a], sa_mask[0]=0xfffefeff, sa_flags=0x00000042
SIGXFSZ: [libjvm.dylib+0x41e28a], sa_mask[0]=0xfffefeff, sa_flags=0x00000042
SIGILL: [libjvm.dylib+0x41e28a], sa_mask[0]=0xfffefeff, sa_flags=0x00000042
SIGUSR1: SIG_DFL, sa_mask[0]=0x00000000, sa_flags=0x00000000
SIGUSR2: [libjvm.dylib+0x41dd7c], sa_mask[0]=0x00000004, sa_flags=0x00000042
SIGHUP: [libjvm.dylib+0x41c00b], sa_mask[0]=0xfffefeff, sa_flags=0x00000042
SIGINT: [libjvm.dylib+0x41c00b], sa_mask[0]=0xfffefeff, sa_flags=0x00000042
SIGTERM: [libjvm.dylib+0x41c00b], sa_mask[0]=0xfffefeff, sa_flags=0x00000042
SIGQUIT: [libjvm.dylib+0x41c00b], sa_mask[0]=0xfffefeff, sa_flags=0x00000042


---------------  S Y S T E M  ---------------

OS:Bsduname:Darwin 15.6.0 Darwin Kernel Version 15.6.0: Thu Jun 23 18:25:34 PDT 2016; root:xnu-3248.60.10~1/RELEASE_X86_64 x86_64
rlimit: STACK 8192k, CORE 0k, NPROC 709, NOFILE 10240, AS infinity
load average:4.55 4.46 4.20

CPU:total 8 (4 cores per cpu, 2 threads per core) family 6 model 70 stepping 1, cmov, cx8, fxsr, mmx, sse, sse2, sse3, ssse3, sse4.1, sse4.2, popcnt, avx, avx2, aes, erms, ht, tsc, tscinvbit

Memory: 4k page, physical 16777216k(4194304k free)

/proc/meminfo:


vm_info: Java HotSpot(TM) 64-Bit Server VM (24.60-b09) for bsd-amd64 JRE (1.7.0_60-b19), built on May  7 2014 12:52:25 by "java_re" with gcc 4.2.1 (Based on Apple Inc. build 5658) (LLVM build 2336.11.00)

time: Mon Aug 22 19:03:52 2016
elapsed time: 10286 seconds

