#
# A fatal error has been detected by the Java Runtime Environment:
#
#  SIGSEGV (0xb) at pc=0x00000001067379f8, pid=3335, tid=18691
#
# JRE version: Java(TM) SE Runtime Environment (7.0_60-b19) (build 1.7.0_60-b19)
# Java VM: Java HotSpot(TM) 64-Bit Server VM (24.60-b09 mixed mode bsd-amd64 compressed oops)
# Problematic frame:
# V  [libjvm.dylib+0x3379f8]
#
# Failed to write core dump. Core dumps have been disabled. To enable core dumping, try "ulimit -c unlimited" before starting Java again
#
# If you would like to submit a bug report, please visit:
#   http://bugreport.sun.com/bugreport/crash.jsp
#

---------------  T H R E A D  ---------------

Current thread (0x00007fbd78879000):  JavaThread "JDWP Transport Listener: dt_socket" daemon [_thread_in_vm, id=18691, stack(0x0000000117c27000,0x0000000117d27000)]

siginfo:si_signo=SIGSEGV: si_errno=0, si_code=0 (SEGV0), si_addr=0x0000000000000000

Registers:
RAX=0x0000000000000001, RBX=0x0000000117d26a8b, RCX=0x00000000000fc080, RDX=0x0000000117d26a8b
RSP=0x0000000117d269f0, RBP=0x0000000117d26a40, RSI=0x00007fbd78879000, RDI=0x00007fbd787000d0
R8 =0x0000000000000000, R9 =0x00007fbd7aa00000, R10=0x0000000000000010, R11=0x00007fbd7aa00000
R12=0x00007fbd78879000, R13=0x00047367000000e6, R14=0x00047367000000e6, R15=0x00007fbd787000d0
RIP=0x00000001067379f8, EFLAGS=0x0000000000010202, ERR=0x0000000000000000
  TRAPNO=0x000000000000000d

Top of Stack: (sp=0x0000000117d269f0)
0x0000000117d269f0:   00007fbd78879000 0000000000000000
0x0000000117d26a00:   0000000000000000 0000000000000000
0x0000000117d26a10:   00007fbd78879000 00007fbd78879000
0x0000000117d26a20:   0000000117d26a8b 0000000117d26a90
0x0000000117d26a30:   00047367000000e6 0000000000000007
0x0000000117d26a40:   0000000117d26a60 00000001053a01a8
0x0000000117d26a50:   0000000000000001 0000000117d26b08
0x0000000117d26a60:   0000000117d26ad0 0000000105384fbb
0x0000000117d26a70:   0000000117d26aa0 00007fbd7aa24f70
0x0000000117d26a80:   0000000800000032 0000000800d26b08
0x0000000117d26a90:   0000000000000000 0000000000000000
0x0000000117d26aa0:   0000000000000000 0000000117d26c90
0x0000000117d26ab0:   00000001053a7dc2 00007fbd7a909f60
0x0000000117d26ac0:   0000000117d26b08 00000001053b3588
0x0000000117d26ad0:   0000000117d26ae0 00000001053850b4
0x0000000117d26ae0:   0000000117d26d00 000000010538e642
0x0000000117d26af0:   0000231800000013 00000000000f0200
0x0000000117d26b00:   00007fbd7a90a0e0 00007fbd7aa2599e
0x0000000117d26b10:   00007fbd000001ba 00007fbd7aa24e70
0x0000000117d26b20:   00007fbd0000012c 0000000117d26b58
0x0000000117d26b30:   00007fbd7aa24e70 00007f0000000000
0x0000000117d26b40:   000023180000000f 00007fff00004780
0x0000000117d26b50:   0000000117d26b58 bd7f000008000000
0x0000000117d26b60:   1f00000080f1a07a 5279646165726c61
0x0000000117d26b70:   6572657473696765 6c616974696e4964
0x0000000117d26b80:   00747865746e6f43 00005a2928030000
0x0000000117d26b90:   00000a0000000000 000008b47178bd7f
0x0000000117d26ba0:   696e497465671100 746e6f436c616974
0x0000000117d26bb0:   282d000000747865 74752f6176616a4c
0x0000000117d26bc0:   74687361482f6c69 6a4c293b656c6261
0x0000000117d26bd0:   6d616e2f78617661 746e6f432f676e69
0x0000000117d26be0:   310000003b747865 752f6176616a4c28 

Instructions: (pc=0x00000001067379f8)
0x00000001067379d8:   00 00 00 41 f6 87 68 01 00 00 10 75 07 b8 63 00
0x00000001067379e8:   00 00 eb 7a 4d 85 f6 75 07 b8 17 00 00 00 eb 6e
0x00000001067379f8:   4d 8b 36 48 b8 fe fe fe fe fe fe fe fe 49 39 c6
0x0000000106737a08:   74 e7 4d 85 f6 74 e2 48 8d 05 0a 48 4d 00 80 38 

Register to memory mapping:

RAX=0x0000000000000001 is an unknown value
RBX=0x0000000117d26a8b is pointing into the stack for thread: 0x00007fbd78879000
RCX=0x00000000000fc080 is an unknown value
RDX=0x0000000117d26a8b is pointing into the stack for thread: 0x00007fbd78879000
RSP=0x0000000117d269f0 is pointing into the stack for thread: 0x00007fbd78879000
RBP=0x0000000117d26a40 is pointing into the stack for thread: 0x00007fbd78879000
RSI=0x00007fbd78879000 is a thread
RDI=0x00007fbd787000d0 is an unknown value
R8 =0x0000000000000000 is an unknown value
R9 =0x00007fbd7aa00000 is an unknown value
R10=0x0000000000000010 is an unknown value
R11=0x00007fbd7aa00000 is an unknown value
R12=0x00007fbd78879000 is a thread
R13=0x00047367000000e6 is an unknown value
R14=0x00047367000000e6 is an unknown value
R15=0x00007fbd787000d0 is an unknown value


Stack: [0x0000000117c27000,0x0000000117d27000],  sp=0x0000000117d269f0,  free space=1022k
Native frames: (J=compiled Java code, j=interpreted, Vv=VM code, C=native code)
V  [libjvm.dylib+0x3379f8]
C  [libjdwp.dylib+0x201a8]  isMethodSynthetic+0x63
C  [libjdwp.dylib+0x4fbb]  methods1+0x10b
C  [libjdwp.dylib+0x50b4]  methodsWithGeneric+0xe
C  [libjdwp.dylib+0xe642]  debugLoop_run+0x1ce
C  [libjdwp.dylib+0x1f0e2]  attachThread+0x4d
V  [libjvm.dylib+0x37861a]
V  [libjvm.dylib+0x4f5c11]
V  [libjvm.dylib+0x4f7319]
V  [libjvm.dylib+0x420b4e]
C  [libsystem_pthread.dylib+0x405a]  _pthread_body+0x83
C  [libsystem_pthread.dylib+0x3fd7]  _pthread_body+0x0
C  [libsystem_pthread.dylib+0x13ed]  thread_start+0xd


---------------  P R O C E S S  ---------------

Java Threads: ( => current thread )
  0x00007fbd7b811000 JavaThread "Service Thread" daemon [_thread_blocked, id=21251, stack(0x0000000118136000,0x0000000118236000)]
  0x00007fbd7a005000 JavaThread "C2 CompilerThread1" daemon [_thread_blocked, id=20739, stack(0x0000000118033000,0x0000000118133000)]
  0x00007fbd7a004000 JavaThread "C2 CompilerThread0" daemon [_thread_blocked, id=20227, stack(0x0000000117f30000,0x0000000118030000)]
  0x00007fbd79800800 JavaThread "JDWP Command Reader" daemon [_thread_in_native, id=19715, stack(0x0000000117e2d000,0x0000000117f2d000)]
  0x00007fbd78879800 JavaThread "JDWP Event Helper Thread" daemon [_thread_blocked, id=19203, stack(0x0000000117d2a000,0x0000000117e2a000)]
=>0x00007fbd78879000 JavaThread "JDWP Transport Listener: dt_socket" daemon [_thread_in_vm, id=18691, stack(0x0000000117c27000,0x0000000117d27000)]
  0x00007fbd7a000800 JavaThread "Signal Dispatcher" daemon [_thread_blocked, id=15383, stack(0x0000000117b1e000,0x0000000117c1e000)]
  0x00007fbd79008000 JavaThread "Finalizer" daemon [_thread_blocked, id=13571, stack(0x0000000116100000,0x0000000116200000)]
  0x00007fbd79003000 JavaThread "Reference Handler" daemon [_thread_blocked, id=13059, stack(0x0000000115ffd000,0x00000001160fd000)]
  0x00007fbd7880f800 JavaThread "main" [_thread_blocked, id=4867, stack(0x0000000105240000,0x0000000105340000)]

Other Threads:
  0x00007fbd78875800 VMThread [stack: 0x0000000115efa000,0x0000000115ffa000] [id=12547]
  0x00007fbd7b81f800 WatcherThread [stack: 0x0000000118239000,0x0000000118339000] [id=21763]

VM state:not at safepoint (normal execution)

VM Mutex/Monitor currently owned by a thread: None

Heap
 PSYoungGen      total 76800K, used 13306K [0x00000007aaa80000, 0x00000007b0000000, 0x0000000800000000)
  eden space 66048K, 20% used [0x00000007aaa80000,0x00000007ab77e950,0x00000007aeb00000)
  from space 10752K, 0% used [0x00000007af580000,0x00000007af580000,0x00000007b0000000)
  to   space 10752K, 0% used [0x00000007aeb00000,0x00000007aeb00000,0x00000007af580000)
 ParOldGen       total 174592K, used 0K [0x0000000700000000, 0x000000070aa80000, 0x00000007aaa80000)
  object space 174592K, 0% used [0x0000000700000000,0x0000000700000000,0x000000070aa80000)
 PSPermGen       total 21504K, used 6601K [0x00000006fae00000, 0x00000006fc300000, 0x0000000700000000)
  object space 21504K, 30% used [0x00000006fae00000,0x00000006fb4724c0,0x00000006fc300000)

Card table byte_map: [0x0000000109f1f000,0x000000010a749000] byte_map_base: 0x0000000106748000

Polling page: 0x000000010537f000

Code Cache  [0x0000000106e5f000, 0x00000001070cf000, 0x0000000109e5f000)
 total_blobs=230 nmethods=17 adapters=176 free_code_cache=48723Kb largest_free_block=49875584

Compilation events (10 events):
Event: 0.193 Thread 0x00007fbd7a005000   13             java.lang.Math::min (11 bytes)
Event: 0.194 Thread 0x00007fbd7a005000 nmethod 13 0x0000000106ec0bd0 code [0x0000000106ec0d00, 0x0000000106ec0d38]
Event: 0.201 Thread 0x00007fbd7a004000   14             java.lang.String::equals (81 bytes)
Event: 0.205 Thread 0x00007fbd7a004000 nmethod 14 0x0000000106ec2e50 code [0x0000000106ec2fa0, 0x0000000106ec32d8]
Event: 0.216 Thread 0x00007fbd7a005000   15             java.lang.String::length (6 bytes)
Event: 0.217 Thread 0x00007fbd7a005000 nmethod 15 0x0000000106ec1c50 code [0x0000000106ec1da0, 0x0000000106ec1e38]
Event: 0.308 Thread 0x00007fbd7a004000   16             java.util.Arrays::fill (28 bytes)
Event: 0.310 Thread 0x00007fbd7a004000 nmethod 16 0x0000000106ec5c10 code [0x0000000106ec5d60, 0x0000000106ec5eb8]
Event: 0.395 Thread 0x00007fbd7a005000   17             java.lang.String::startsWith (7 bytes)
Event: 0.397 Thread 0x00007fbd7a005000 nmethod 17 0x0000000106ecad10 code [0x0000000106ecae60, 0x0000000106ecb0f8]

GC Heap History (0 events):
No events

Deoptimization events (0 events):
No events

Internal exceptions (10 events):
Event: 0.257 Thread 0x00007fbd7880f800 Threw 0x00000007ab1e8788 at /HUDSON/workspace/7u-2-build-macosx-x86_64/jdk7u60/1081/hotspot/src/share/vm/prims/jvm.cpp:1244
Event: 0.258 Thread 0x00007fbd7880f800 Threw 0x00000007ab1f13e0 at /HUDSON/workspace/7u-2-build-macosx-x86_64/jdk7u60/1081/hotspot/src/share/vm/prims/jvm.cpp:1244
Event: 0.259 Thread 0x00007fbd7880f800 Threw 0x00000007ab1f7960 at /HUDSON/workspace/7u-2-build-macosx-x86_64/jdk7u60/1081/hotspot/src/share/vm/prims/jvm.cpp:1244
Event: 0.259 Thread 0x00007fbd7880f800 Threw 0x00000007ab200e48 at /HUDSON/workspace/7u-2-build-macosx-x86_64/jdk7u60/1081/hotspot/src/share/vm/prims/jvm.cpp:1244
Event: 0.260 Thread 0x00007fbd7880f800 Threw 0x00000007ab209078 at /HUDSON/workspace/7u-2-build-macosx-x86_64/jdk7u60/1081/hotspot/src/share/vm/prims/jvm.cpp:1244
Event: 0.260 Thread 0x00007fbd7880f800 Threw 0x00000007ab211160 at /HUDSON/workspace/7u-2-build-macosx-x86_64/jdk7u60/1081/hotspot/src/share/vm/prims/jvm.cpp:1244
Event: 0.265 Thread 0x00007fbd7880f800 Threw 0x00000007ab219180 at /HUDSON/workspace/7u-2-build-macosx-x86_64/jdk7u60/1081/hotspot/src/share/vm/prims/jvm.cpp:1244
Event: 0.267 Thread 0x00007fbd7880f800 Threw 0x00000007ab21f750 at /HUDSON/workspace/7u-2-build-macosx-x86_64/jdk7u60/1081/hotspot/src/share/vm/prims/jvm.cpp:1244
Event: 0.271 Thread 0x00007fbd7880f800 Threw 0x00000007ab233e90 at /HUDSON/workspace/7u-2-build-macosx-x86_64/jdk7u60/1081/hotspot/src/share/vm/prims/jvm.cpp:1244
Event: 0.373 Thread 0x00007fbd7880f800 Threw 0x00000007ab307e00 at /HUDSON/workspace/7u-2-build-macosx-x86_64/jdk7u60/1081/hotspot/src/share/vm/prims/jvm.cpp:1244

Events (10 events):
Event: 273.483 Executing VM operation: ChangeBreakpoints
Event: 273.483 Executing VM operation: ChangeBreakpoints done
Event: 273.484 Executing VM operation: ChangeBreakpoints
Event: 273.484 Executing VM operation: ChangeBreakpoints done
Event: 315.447 Executing VM operation: ChangeBreakpoints
Event: 315.447 Executing VM operation: ChangeBreakpoints done
Event: 315.449 Executing VM operation: RedefineClasses
Event: 315.450 Executing VM operation: RedefineClasses done
Event: 315.452 Executing VM operation: GetOrSetLocal
Event: 315.452 Executing VM operation: GetOrSetLocal done


Dynamic libraries:
0x0000000004e1b000 	/System/Library/Frameworks/Cocoa.framework/Versions/A/Cocoa
0x0000000004e1b000 	/System/Library/Frameworks/Security.framework/Versions/A/Security
0x0000000004e1b000 	/System/Library/Frameworks/ApplicationServices.framework/Versions/A/ApplicationServices
0x0000000004e1b000 	/usr/lib/libz.1.dylib
0x0000000004e1b000 	/usr/lib/libSystem.B.dylib
0x0000000004e1b000 	/usr/lib/libobjc.A.dylib
0x0000000004e1b000 	/System/Library/Frameworks/CoreFoundation.framework/Versions/A/CoreFoundation
0x0000000004e1b000 	/System/Library/Frameworks/Foundation.framework/Versions/C/Foundation
0x0000000004e1b000 	/System/Library/Frameworks/AppKit.framework/Versions/C/AppKit
0x0000000004e1b000 	/System/Library/Frameworks/CoreData.framework/Versions/A/CoreData
0x0000000004e1b000 	/System/Library/PrivateFrameworks/RemoteViewServices.framework/Versions/A/RemoteViewServices
0x0000000004e1b000 	/System/Library/PrivateFrameworks/UIFoundation.framework/Versions/A/UIFoundation
0x0000000004e1b000 	/System/Library/Frameworks/IOSurface.framework/Versions/A/IOSurface
0x0000000004e1b000 	/System/Library/Frameworks/AudioToolbox.framework/Versions/A/AudioToolbox
0x0000000004e1b000 	/System/Library/Frameworks/AudioUnit.framework/Versions/A/AudioUnit
0x0000000004e1b000 	/System/Library/PrivateFrameworks/DataDetectorsCore.framework/Versions/A/DataDetectorsCore
0x0000000004e1b000 	/System/Library/PrivateFrameworks/DesktopServicesPriv.framework/Versions/A/DesktopServicesPriv
0x0000000004e1b000 	/System/Library/Frameworks/Carbon.framework/Versions/A/Frameworks/HIToolbox.framework/Versions/A/HIToolbox
0x0000000004e1b000 	/System/Library/Frameworks/QuartzCore.framework/Versions/A/QuartzCore
0x0000000004e1b000 	/System/Library/Frameworks/Carbon.framework/Versions/A/Frameworks/SpeechRecognition.framework/Versions/A/SpeechRecognition
0x0000000004e1b000 	/usr/lib/libauto.dylib
0x0000000004e1b000 	/usr/lib/libicucore.A.dylib
0x0000000004e1b000 	/usr/lib/libxml2.2.dylib
0x0000000004e1b000 	/System/Library/PrivateFrameworks/CoreUI.framework/Versions/A/CoreUI
0x0000000004e1b000 	/System/Library/Frameworks/CoreAudio.framework/Versions/A/CoreAudio
0x0000000004e1b000 	/System/Library/Frameworks/DiskArbitration.framework/Versions/A/DiskArbitration
0x0000000004e1b000 	/usr/lib/liblangid.dylib
0x0000000004e1b000 	/System/Library/PrivateFrameworks/MultitouchSupport.framework/Versions/A/MultitouchSupport
0x0000000004e1b000 	/System/Library/Frameworks/IOKit.framework/Versions/A/IOKit
0x0000000004e1b000 	/usr/lib/libDiagnosticMessagesClient.dylib
0x0000000004e1b000 	/System/Library/Frameworks/CoreServices.framework/Versions/A/CoreServices
0x0000000004e1b000 	/System/Library/PrivateFrameworks/PerformanceAnalysis.framework/Versions/A/PerformanceAnalysis
0x0000000004e1b000 	/System/Library/PrivateFrameworks/GenerationalStorage.framework/Versions/A/GenerationalStorage
0x0000000004e1b000 	/System/Library/Frameworks/OpenGL.framework/Versions/A/OpenGL
0x0000000004e1b000 	/System/Library/PrivateFrameworks/Sharing.framework/Versions/A/Sharing
0x0000000004e1b000 	/System/Library/Frameworks/CoreGraphics.framework/Versions/A/CoreGraphics
0x0000000004e1b000 	/System/Library/Frameworks/CoreText.framework/Versions/A/CoreText
0x0000000004e1b000 	/System/Library/Frameworks/ImageIO.framework/Versions/A/ImageIO
0x0000000004e1b000 	/usr/lib/libextension.dylib
0x0000000004e1b000 	/System/Library/PrivateFrameworks/Backup.framework/Versions/A/Backup
0x0000000004e1b000 	/usr/lib/libarchive.2.dylib
0x0000000004e1b000 	/System/Library/Frameworks/CFNetwork.framework/Versions/A/CFNetwork
0x0000000004e1b000 	/System/Library/Frameworks/SystemConfiguration.framework/Versions/A/SystemConfiguration
0x0000000004e1b000 	/usr/lib/libCRFSuite.dylib
0x0000000004e1b000 	/usr/lib/libc++.1.dylib
0x0000000004e1b000 	/usr/lib/libc++abi.dylib
0x0000000004e1b000 	/usr/lib/system/libcache.dylib
0x0000000004e1b000 	/usr/lib/system/libcommonCrypto.dylib
0x0000000004e1b000 	/usr/lib/system/libcompiler_rt.dylib
0x0000000004e1b000 	/usr/lib/system/libcopyfile.dylib
0x0000000004e1b000 	/usr/lib/system/libcorecrypto.dylib
0x0000000004e1b000 	/usr/lib/system/libdispatch.dylib
0x0000000004e1b000 	/usr/lib/system/libdyld.dylib
0x0000000004e1b000 	/usr/lib/system/libkeymgr.dylib
0x0000000004e1b000 	/usr/lib/system/liblaunch.dylib
0x0000000004e1b000 	/usr/lib/system/libmacho.dylib
0x0000000004e1b000 	/usr/lib/system/libquarantine.dylib
0x0000000004e1b000 	/usr/lib/system/libremovefile.dylib
0x0000000004e1b000 	/usr/lib/system/libsystem_asl.dylib
0x0000000004e1b000 	/usr/lib/system/libsystem_blocks.dylib
0x0000000004e1b000 	/usr/lib/system/libsystem_c.dylib
0x0000000004e1b000 	/usr/lib/system/libsystem_configuration.dylib
0x0000000004e1b000 	/usr/lib/system/libsystem_coreservices.dylib
0x0000000004e1b000 	/usr/lib/system/libsystem_coretls.dylib
0x0000000004e1b000 	/usr/lib/system/libsystem_dnssd.dylib
0x0000000004e1b000 	/usr/lib/system/libsystem_info.dylib
0x0000000004e1b000 	/usr/lib/system/libsystem_kernel.dylib
0x0000000004e1b000 	/usr/lib/system/libsystem_m.dylib
0x0000000004e1b000 	/usr/lib/system/libsystem_malloc.dylib
0x0000000004e1b000 	/usr/lib/system/libsystem_network.dylib
0x0000000004e1b000 	/usr/lib/system/libsystem_networkextension.dylib
0x0000000004e1b000 	/usr/lib/system/libsystem_notify.dylib
0x0000000004e1b000 	/usr/lib/system/libsystem_platform.dylib
0x0000000004e1b000 	/usr/lib/system/libsystem_pthread.dylib
0x0000000004e1b000 	/usr/lib/system/libsystem_sandbox.dylib
0x0000000004e1b000 	/usr/lib/system/libsystem_secinit.dylib
0x0000000004e1b000 	/usr/lib/system/libsystem_stats.dylib
0x0000000004e1b000 	/usr/lib/system/libsystem_trace.dylib
0x0000000004e1b000 	/usr/lib/system/libunc.dylib
0x0000000004e1b000 	/usr/lib/system/libunwind.dylib
0x0000000004e1b000 	/usr/lib/system/libxpc.dylib
0x0000000004e1b000 	/usr/lib/libbz2.1.0.dylib
0x0000000004e1b000 	/usr/lib/liblzma.5.dylib
0x0000000004e1b000 	/usr/lib/libbsm.0.dylib
0x0000000004e1b000 	/usr/lib/libsqlite3.dylib
0x0000000004e1b000 	/usr/lib/system/libkxld.dylib
0x0000000004e1b000 	/usr/lib/libxar.1.dylib
0x0000000004e1b000 	/usr/lib/libpam.2.dylib
0x0000000004e1b000 	/usr/lib/libOpenScriptingUtil.dylib
0x0000000004e1b000 	/System/Library/Frameworks/CoreServices.framework/Versions/A/Frameworks/FSEvents.framework/Versions/A/FSEvents
0x0000000004e1b000 	/System/Library/Frameworks/CoreServices.framework/Versions/A/Frameworks/CarbonCore.framework/Versions/A/CarbonCore
0x0000000004e1b000 	/System/Library/Frameworks/CoreServices.framework/Versions/A/Frameworks/Metadata.framework/Versions/A/Metadata
0x0000000004e1b000 	/System/Library/Frameworks/CoreServices.framework/Versions/A/Frameworks/OSServices.framework/Versions/A/OSServices
0x0000000004e1b000 	/System/Library/Frameworks/CoreServices.framework/Versions/A/Frameworks/SearchKit.framework/Versions/A/SearchKit
0x0000000004e1b000 	/System/Library/Frameworks/CoreServices.framework/Versions/A/Frameworks/AE.framework/Versions/A/AE
0x0000000004e1b000 	/System/Library/Frameworks/CoreServices.framework/Versions/A/Frameworks/LaunchServices.framework/Versions/A/LaunchServices
0x0000000004e1b000 	/System/Library/Frameworks/CoreServices.framework/Versions/A/Frameworks/DictionaryServices.framework/Versions/A/DictionaryServices
0x0000000004e1b000 	/System/Library/Frameworks/NetFS.framework/Versions/A/NetFS
0x0000000004e1b000 	/System/Library/PrivateFrameworks/NetAuth.framework/Versions/A/NetAuth
0x0000000004e1b000 	/System/Library/PrivateFrameworks/login.framework/Versions/A/Frameworks/loginsupport.framework/Versions/A/loginsupport
0x0000000004e1b000 	/System/Library/PrivateFrameworks/TCC.framework/Versions/A/TCC
0x0000000004e1b000 	/usr/lib/libmecabra.dylib
0x0000000004e1b000 	/System/Library/Frameworks/ApplicationServices.framework/Versions/A/Frameworks/ATS.framework/Versions/A/ATS
0x0000000004e1b000 	/System/Library/Frameworks/ApplicationServices.framework/Versions/A/Frameworks/ColorSync.framework/Versions/A/ColorSync
0x0000000004e1b000 	/System/Library/Frameworks/ApplicationServices.framework/Versions/A/Frameworks/HIServices.framework/Versions/A/HIServices
0x0000000004e1b000 	/System/Library/Frameworks/ApplicationServices.framework/Versions/A/Frameworks/LangAnalysis.framework/Versions/A/LangAnalysis
0x0000000004e1b000 	/System/Library/Frameworks/ApplicationServices.framework/Versions/A/Frameworks/PrintCore.framework/Versions/A/PrintCore
0x0000000004e1b000 	/System/Library/Frameworks/ApplicationServices.framework/Versions/A/Frameworks/QD.framework/Versions/A/QD
0x0000000004e1b000 	/System/Library/Frameworks/ApplicationServices.framework/Versions/A/Frameworks/SpeechSynthesis.framework/Versions/A/SpeechSynthesis
0x0000000004e1b000 	/System/Library/Frameworks/Accelerate.framework/Versions/A/Accelerate
0x0000000004e1b000 	/System/Library/Frameworks/Accelerate.framework/Versions/A/Frameworks/vImage.framework/Versions/A/vImage
0x0000000004e1b000 	/System/Library/Frameworks/Accelerate.framework/Versions/A/Frameworks/vecLib.framework/Versions/A/vecLib
0x0000000004e1b000 	/System/Library/Frameworks/Accelerate.framework/Versions/A/Frameworks/vecLib.framework/Versions/A/libvDSP.dylib
0x0000000004e1b000 	/System/Library/Frameworks/Accelerate.framework/Versions/A/Frameworks/vecLib.framework/Versions/A/libvMisc.dylib
0x0000000004e1b000 	/System/Library/Frameworks/Accelerate.framework/Versions/A/Frameworks/vecLib.framework/Versions/A/libLAPACK.dylib
0x0000000004e1b000 	/System/Library/Frameworks/Accelerate.framework/Versions/A/Frameworks/vecLib.framework/Versions/A/libBLAS.dylib
0x0000000004e1b000 	/System/Library/Frameworks/Accelerate.framework/Versions/A/Frameworks/vecLib.framework/Versions/A/libLinearAlgebra.dylib
0x0000000004e1b000 	/System/Library/Frameworks/ApplicationServices.framework/Versions/A/Frameworks/ATS.framework/Versions/A/Resources/libFontParser.dylib
0x0000000004e1b000 	/System/Library/Frameworks/ApplicationServices.framework/Versions/A/Frameworks/ATS.framework/Versions/A/Resources/libFontRegistry.dylib
0x0000000004e1b000 	/System/Library/PrivateFrameworks/AppleVPA.framework/Versions/A/AppleVPA
0x0000000004e1b000 	/System/Library/PrivateFrameworks/AppleJPEG.framework/Versions/A/AppleJPEG
0x0000000004e1b000 	/System/Library/Frameworks/ImageIO.framework/Versions/A/Resources/libJPEG.dylib
0x0000000004e1b000 	/System/Library/Frameworks/ImageIO.framework/Versions/A/Resources/libTIFF.dylib
0x0000000004e1b000 	/System/Library/Frameworks/ImageIO.framework/Versions/A/Resources/libPng.dylib
0x0000000004e1b000 	/System/Library/Frameworks/ImageIO.framework/Versions/A/Resources/libGIF.dylib
0x0000000004e1b000 	/System/Library/Frameworks/ImageIO.framework/Versions/A/Resources/libJP2.dylib
0x0000000004e1b000 	/System/Library/Frameworks/ImageIO.framework/Versions/A/Resources/libRadiance.dylib
0x0000000004e1b000 	/System/Library/Frameworks/CoreVideo.framework/Versions/A/CoreVideo
0x0000000004e1b000 	/System/Library/Frameworks/OpenGL.framework/Versions/A/Libraries/libGLU.dylib
0x0000000004e1b000 	/System/Library/Frameworks/OpenGL.framework/Versions/A/Libraries/libGFXShared.dylib
0x0000000004e1b000 	/System/Library/Frameworks/OpenGL.framework/Versions/A/Libraries/libGL.dylib
0x0000000004e1b000 	/System/Library/Frameworks/OpenGL.framework/Versions/A/Libraries/libGLImage.dylib
0x0000000004e1b000 	/System/Library/Frameworks/OpenGL.framework/Versions/A/Libraries/libCVMSPluginSupport.dylib
0x0000000004e1b000 	/System/Library/Frameworks/OpenGL.framework/Versions/A/Libraries/libCoreVMClient.dylib
0x0000000004e1b000 	/usr/lib/libcups.2.dylib
0x0000000004e1b000 	/System/Library/Frameworks/Kerberos.framework/Versions/A/Kerberos
0x0000000004e1b000 	/System/Library/Frameworks/GSS.framework/Versions/A/GSS
0x0000000004e1b000 	/usr/lib/libresolv.9.dylib
0x0000000004e1b000 	/usr/lib/libiconv.2.dylib
0x0000000004e1b000 	/System/Library/PrivateFrameworks/Heimdal.framework/Versions/A/Heimdal
0x0000000004e1b000 	/usr/lib/libheimdal-asn1.dylib
0x0000000004e1b000 	/System/Library/Frameworks/OpenDirectory.framework/Versions/A/OpenDirectory
0x0000000004e1b000 	/System/Library/PrivateFrameworks/CommonAuth.framework/Versions/A/CommonAuth
0x0000000004e1b000 	/System/Library/Frameworks/OpenDirectory.framework/Versions/A/Frameworks/CFOpenDirectory.framework/Versions/A/CFOpenDirectory
0x0000000004e1b000 	/System/Library/Frameworks/SecurityFoundation.framework/Versions/A/SecurityFoundation
0x0000000004e1b000 	/System/Library/PrivateFrameworks/LanguageModeling.framework/Versions/A/LanguageModeling
0x0000000004e1b000 	/usr/lib/libcmph.dylib
0x0000000004e1b000 	/System/Library/Frameworks/ServiceManagement.framework/Versions/A/ServiceManagement
0x0000000004e1b000 	/usr/lib/libxslt.1.dylib
0x0000000004e1b000 	/System/Library/Frameworks/Carbon.framework/Versions/A/Frameworks/Ink.framework/Versions/A/Ink
0x0000000004e1b000 	/System/Library/Frameworks/QuartzCore.framework/Versions/A/Frameworks/CoreImage.framework/Versions/A/CoreImage
0x0000000004e1b000 	/System/Library/PrivateFrameworks/CrashReporterSupport.framework/Versions/A/CrashReporterSupport
0x0000000004e1b000 	/System/Library/Frameworks/OpenCL.framework/Versions/A/OpenCL
0x0000000004e1b000 	/System/Library/PrivateFrameworks/FaceCore.framework/Versions/A/FaceCore
0x0000000004e1b000 	/System/Library/PrivateFrameworks/Ubiquity.framework/Versions/A/Ubiquity
0x0000000004e1b000 	/System/Library/PrivateFrameworks/IconServices.framework/Versions/A/IconServices
0x0000000004e1b000 	/System/Library/PrivateFrameworks/ChunkingLibrary.framework/Versions/A/ChunkingLibrary
0x0000000004e1b000 	/System/Library/PrivateFrameworks/Apple80211.framework/Versions/A/Apple80211
0x0000000004e1b000 	/System/Library/Frameworks/CoreWLAN.framework/Versions/A/CoreWLAN
0x0000000004e1b000 	/System/Library/Frameworks/IOBluetooth.framework/Versions/A/IOBluetooth
0x0000000004e1b000 	/System/Library/PrivateFrameworks/CoreWiFi.framework/Versions/A/CoreWiFi
0x0000000004e1b000 	/System/Library/Frameworks/CoreBluetooth.framework/Versions/A/CoreBluetooth
0x0000000004e1b000 	/System/Library/PrivateFrameworks/DebugSymbols.framework/Versions/A/DebugSymbols
0x0000000004e1b000 	/System/Library/PrivateFrameworks/CoreSymbolication.framework/Versions/A/CoreSymbolication
0x0000000004e1b000 	/System/Library/PrivateFrameworks/Symbolication.framework/Versions/A/Symbolication
0x0000000004e1b000 	/System/Library/PrivateFrameworks/SpeechRecognitionCore.framework/Versions/A/SpeechRecognitionCore
0x0000000106400000 	/Library/Java/JavaVirtualMachines/jdk1.7.0_60.jdk/Contents/Home/jre/lib/server/libjvm.dylib
0x0000000004e1b000 	/usr/lib/libstdc++.6.dylib
0x0000000105342000 	/Library/Java/JavaVirtualMachines/jdk1.7.0_60.jdk/Contents/Home/jre/lib/libverify.dylib
0x000000010534f000 	/Library/Java/JavaVirtualMachines/jdk1.7.0_60.jdk/Contents/Home/jre/lib/libjava.dylib
0x0000000105380000 	/Library/Java/JavaVirtualMachines/jdk1.7.0_60.jdk/Contents/Home/jre/lib/libjdwp.dylib
0x00000001053bd000 	/Library/Java/JavaVirtualMachines/jdk1.7.0_60.jdk/Contents/Home/jre/lib/libnpt.dylib
0x00000001053ca000 	/Library/Java/JavaVirtualMachines/jdk1.7.0_60.jdk/Contents/Home/jre/lib/libzip.dylib
0x0000000116202000 	/System/Library/Frameworks/JavaVM.framework/Frameworks/JavaRuntimeSupport.framework/JavaRuntimeSupport
0x0000000116218000 	/System/Library/Frameworks/JavaVM.framework/Versions/A/Frameworks/JavaNativeFoundation.framework/Versions/A/JavaNativeFoundation
0x000000011622c000 	/System/Library/Frameworks/JavaVM.framework/Versions/A/JavaVM
0x0000000004e1b000 	/System/Library/Frameworks/Carbon.framework/Versions/A/Carbon
0x0000000116238000 	/System/Library/PrivateFrameworks/JavaLaunching.framework/Versions/A/JavaLaunching
0x0000000004e1b000 	/System/Library/Frameworks/Carbon.framework/Versions/A/Frameworks/CommonPanels.framework/Versions/A/CommonPanels
0x0000000004e1b000 	/System/Library/Frameworks/Carbon.framework/Versions/A/Frameworks/Help.framework/Versions/A/Help
0x0000000004e1b000 	/System/Library/Frameworks/Carbon.framework/Versions/A/Frameworks/ImageCapture.framework/Versions/A/ImageCapture
0x0000000004e1b000 	/System/Library/Frameworks/Carbon.framework/Versions/A/Frameworks/OpenScripting.framework/Versions/A/OpenScripting
0x0000000004e1b000 	/System/Library/Frameworks/Carbon.framework/Versions/A/Frameworks/Print.framework/Versions/A/Print
0x0000000004e1b000 	/System/Library/Frameworks/Carbon.framework/Versions/A/Frameworks/SecurityHI.framework/Versions/A/SecurityHI
0x0000000117c20000 	/Library/Java/JavaVirtualMachines/jdk1.7.0_60.jdk/Contents/Home/jre/lib/libdt_socket.dylib

VM Arguments:
jvm_args: -agentlib:jdwp=transport=dt_socket,address=127.0.0.1:59767,suspend=y,server=n -ea -Didea.junit.sm_runner -Dfile.encoding=UTF-8 
java_command: com.intellij.rt.execution.junit.JUnitStarter -ideVersion5 io.yawp.driver.postgresql.configuration.InitialContextSetupTest
Launcher Type: SUN_STANDARD

Environment Variables:
JAVA_HOME=/Library/Java/JavaVirtualMachines/jdk1.7.0_60.jdk/Contents/Home
CLASSPATH=:/Users/fernando/opt/plovr/build/plovr.jar
PATH=/Users/fernando/.rvm/gems/ruby-2.2.1/bin:/Users/fernando/.rvm/gems/ruby-2.2.1@global/bin:/Users/fernando/.rvm/rubies/ruby-2.2.1/bin:/Users/fernando/dev/cabelo/crowler/scripts:/Users/fernando/dev/dextra/aasp-gaia/scripts:/Users/fernando/dev/dextra/aasp-gaia/temis/scripts:/Users/fernando/opt/gsutil:/Users/fernando/opt/phantomjs/bin:/Users/fernando/opt/firefox:/Users/fernando/opt/eclipse:/Users/fernando/opt/maven/bin:/Users/fernando/opt/ant/bin:/Users/fernando/opt/ant/bin:/Users/fernando/opt/bin:/usr/local/bin:/usr/bin:/bin:/usr/sbin:/sbin:/opt/X11/bin:/usr/local/MacGPG2/bin:/Users/fernando/dev/churndb/bin:/Users/fernando/opt/adt/sdk/platform-tools:/Users/fernando/opt/adt/sdk/tools:/Users/fernando/.rvm/bin
SHELL=/bin/bash
DISPLAY=/private/tmp/com.apple.launchd.xGsIuvMzCf/org.macosforge.xquartz:0

Signal Handlers:
SIGSEGV: [libjvm.dylib+0x52b7b1], sa_mask[0]=0xfffefeff, sa_flags=0x00000043
SIGBUS: [libjvm.dylib+0x52b7b1], sa_mask[0]=0xfffefeff, sa_flags=0x00000042
SIGFPE: [libjvm.dylib+0x41e28a], sa_mask[0]=0xfffefeff, sa_flags=0x00000042
SIGPIPE: [libjvm.dylib+0x41e28a], sa_mask[0]=0xfffefeff, sa_flags=0x00000042
SIGXFSZ: [libjvm.dylib+0x41e28a], sa_mask[0]=0xfffefeff, sa_flags=0x00000042
SIGILL: [libjvm.dylib+0x41e28a], sa_mask[0]=0xfffefeff, sa_flags=0x00000042
SIGUSR1: SIG_DFL, sa_mask[0]=0x00000000, sa_flags=0x00000000
SIGUSR2: [libjvm.dylib+0x41dd7c], sa_mask[0]=0x00000004, sa_flags=0x00000042
SIGHUP: [libjvm.dylib+0x41c00b], sa_mask[0]=0xfffefeff, sa_flags=0x00000042
SIGINT: [libjvm.dylib+0x41c00b], sa_mask[0]=0xfffefeff, sa_flags=0x00000042
SIGTERM: [libjvm.dylib+0x41c00b], sa_mask[0]=0xfffefeff, sa_flags=0x00000042
SIGQUIT: [libjvm.dylib+0x41c00b], sa_mask[0]=0xfffefeff, sa_flags=0x00000042


---------------  S Y S T E M  ---------------

OS:Bsduname:Darwin 14.5.0 Darwin Kernel Version 14.5.0: Tue Sep  1 21:23:09 PDT 2015; root:xnu-2782.50.1~1/RELEASE_X86_64 x86_64
rlimit: STACK 8192k, CORE 0k, NPROC 709, NOFILE 10240, AS infinity
load average:1.96 2.14 2.07

CPU:total 8 (4 cores per cpu, 2 threads per core) family 6 model 70 stepping 1, cmov, cx8, fxsr, mmx, sse, sse2, sse3, ssse3, sse4.1, sse4.2, popcnt, avx, avx2, aes, erms, ht, tsc, tscinvbit

Memory: 4k page, physical 16777216k(4194304k free)

/proc/meminfo:


vm_info: Java HotSpot(TM) 64-Bit Server VM (24.60-b09) for bsd-amd64 JRE (1.7.0_60-b19), built on May  7 2014 12:52:25 by "java_re" with gcc 4.2.1 (Based on Apple Inc. build 5658) (LLVM build 2336.11.00)

time: Fri Dec  4 08:56:53 2015
elapsed time: 315 seconds

